{"C:\\Users\\Mbah Clinton\\Documents\\Github\\actioncable-vue\\src\\cable.js": {"path":"C:\\Users\\Mbah Clinton\\Documents\\Github\\actioncable-vue\\src\\cable.js","statementMap":{"0":{"start":{"line":20,"column":2},"end":{"line":20,"column":30}},"1":{"start":{"line":21,"column":2},"end":{"line":21,"column":19}},"2":{"start":{"line":23,"column":47},"end":{"line":27,"column":3}},"3":{"start":{"line":29,"column":2},"end":{"line":29,"column":47}},"4":{"start":{"line":30,"column":2},"end":{"line":30,"column":31}},"5":{"start":{"line":41,"column":2},"end":{"line":63,"column":3}},"6":{"start":{"line":42,"column":16},"end":{"line":42,"column":20}},"7":{"start":{"line":43,"column":23},"end":{"line":43,"column":51}},"8":{"start":{"line":45,"column":3},"end":{"line":60,"column":6}},"9":{"start":{"line":49,"column":5},"end":{"line":49,"column":65}},"10":{"start":{"line":52,"column":5},"end":{"line":52,"column":68}},"11":{"start":{"line":55,"column":5},"end":{"line":55,"column":69}},"12":{"start":{"line":58,"column":5},"end":{"line":58,"column":70}},"13":{"start":{"line":62,"column":3},"end":{"line":62,"column":54}},"14":{"start":{"line":74,"column":36},"end":{"line":74,"column":44}},"15":{"start":{"line":75,"column":2},"end":{"line":78,"column":4}},"16":{"start":{"line":79,"column":23},"end":{"line":79,"column":60}},"17":{"start":{"line":80,"column":2},"end":{"line":90,"column":3}},"18":{"start":{"line":81,"column":3},"end":{"line":81,"column":38}},"19":{"start":{"line":82,"column":3},"end":{"line":85,"column":5}},"20":{"start":{"line":87,"column":3},"end":{"line":89,"column":5}},"21":{"start":{"line":98,"column":2},"end":{"line":98,"column":35}},"22":{"start":{"line":106,"column":2},"end":{"line":107,"column":64}},"23":{"start":{"line":107,"column":3},"end":{"line":107,"column":64}},"24":{"start":{"line":109,"column":2},"end":{"line":112,"column":4}},"25":{"start":{"line":120,"column":2},"end":{"line":121,"column":67}},"26":{"start":{"line":121,"column":3},"end":{"line":121,"column":67}},"27":{"start":{"line":123,"column":2},"end":{"line":126,"column":4}},"28":{"start":{"line":134,"column":2},"end":{"line":135,"column":63}},"29":{"start":{"line":135,"column":3},"end":{"line":135,"column":63}},"30":{"start":{"line":137,"column":2},"end":{"line":137,"column":76}},"31":{"start":{"line":145,"column":2},"end":{"line":146,"column":69}},"32":{"start":{"line":146,"column":3},"end":{"line":146,"column":69}},"33":{"start":{"line":148,"column":2},"end":{"line":148,"column":78}},"34":{"start":{"line":156,"column":2},"end":{"line":161,"column":3}},"35":{"start":{"line":156,"column":30},"end":{"line":156,"column":76}},"36":{"start":{"line":158,"column":3},"end":{"line":160,"column":5}},"37":{"start":{"line":171,"column":2},"end":{"line":171,"column":28}},"38":{"start":{"line":172,"column":2},"end":{"line":172,"column":21}},"39":{"start":{"line":174,"column":2},"end":{"line":174,"column":31}},"40":{"start":{"line":175,"column":2},"end":{"line":175,"column":28}},"41":{"start":{"line":183,"column":2},"end":{"line":187,"column":3}},"42":{"start":{"line":184,"column":3},"end":{"line":184,"column":56}},"43":{"start":{"line":186,"column":3},"end":{"line":186,"column":40}},"44":{"start":{"line":194,"column":14},"end":{"line":194,"column":39}},"45":{"start":{"line":196,"column":2},"end":{"line":196,"column":51}},"46":{"start":{"line":197,"column":2},"end":{"line":197,"column":30}},"47":{"start":{"line":198,"column":2},"end":{"line":198,"column":44}},"48":{"start":{"line":200,"column":2},"end":{"line":200,"column":30}},"49":{"start":{"line":201,"column":2},"end":{"line":201,"column":65}},"50":{"start":{"line":201,"column":38},"end":{"line":201,"column":65}},"51":{"start":{"line":203,"column":2},"end":{"line":203,"column":68}},"52":{"start":{"line":213,"column":2},"end":{"line":216,"column":3}},"53":{"start":{"line":214,"column":19},"end":{"line":214,"column":46}},"54":{"start":{"line":215,"column":3},"end":{"line":215,"column":38}}},"fnMap":{"0":{"name":"(anonymous_0)","decl":{"start":{"line":19,"column":1},"end":{"line":19,"column":2}},"loc":{"start":{"line":19,"column":27},"end":{"line":31,"column":2}},"line":19},"1":{"name":"(anonymous_1)","decl":{"start":{"line":40,"column":1},"end":{"line":40,"column":2}},"loc":{"start":{"line":40,"column":31},"end":{"line":64,"column":2}},"line":40},"2":{"name":"(anonymous_2)","decl":{"start":{"line":73,"column":1},"end":{"line":73,"column":2}},"loc":{"start":{"line":73,"column":19},"end":{"line":91,"column":2}},"line":73},"3":{"name":"(anonymous_3)","decl":{"start":{"line":97,"column":1},"end":{"line":97,"column":2}},"loc":{"start":{"line":97,"column":26},"end":{"line":99,"column":2}},"line":97},"4":{"name":"(anonymous_4)","decl":{"start":{"line":105,"column":1},"end":{"line":105,"column":2}},"loc":{"start":{"line":105,"column":28},"end":{"line":113,"column":2}},"line":105},"5":{"name":"(anonymous_5)","decl":{"start":{"line":119,"column":1},"end":{"line":119,"column":2}},"loc":{"start":{"line":119,"column":31},"end":{"line":127,"column":2}},"line":119},"6":{"name":"(anonymous_6)","decl":{"start":{"line":133,"column":1},"end":{"line":133,"column":2}},"loc":{"start":{"line":133,"column":32},"end":{"line":138,"column":2}},"line":133},"7":{"name":"(anonymous_7)","decl":{"start":{"line":144,"column":1},"end":{"line":144,"column":2}},"loc":{"start":{"line":144,"column":33},"end":{"line":149,"column":2}},"line":144},"8":{"name":"(anonymous_8)","decl":{"start":{"line":155,"column":1},"end":{"line":155,"column":2}},"loc":{"start":{"line":155,"column":15},"end":{"line":162,"column":2}},"line":155},"9":{"name":"(anonymous_9)","decl":{"start":{"line":170,"column":1},"end":{"line":170,"column":2}},"loc":{"start":{"line":170,"column":35},"end":{"line":176,"column":2}},"line":170},"10":{"name":"(anonymous_10)","decl":{"start":{"line":182,"column":1},"end":{"line":182,"column":2}},"loc":{"start":{"line":182,"column":22},"end":{"line":188,"column":2}},"line":182},"11":{"name":"(anonymous_11)","decl":{"start":{"line":193,"column":1},"end":{"line":193,"column":2}},"loc":{"start":{"line":193,"column":22},"end":{"line":204,"column":2}},"line":193},"12":{"name":"(anonymous_12)","decl":{"start":{"line":212,"column":1},"end":{"line":212,"column":2}},"loc":{"start":{"line":212,"column":48},"end":{"line":217,"column":2}},"line":212}},"branchMap":{"0":{"loc":{"start":{"line":23,"column":47},"end":{"line":27,"column":3}},"type":"binary-expr","locations":[{"start":{"line":23,"column":47},"end":{"line":23,"column":54}},{"start":{"line":23,"column":58},"end":{"line":27,"column":3}}],"line":23},"1":{"loc":{"start":{"line":41,"column":2},"end":{"line":63,"column":3}},"type":"if","locations":[{"start":{"line":41,"column":2},"end":{"line":63,"column":3}},{"start":{"line":41,"column":2},"end":{"line":63,"column":3}}],"line":41},"2":{"loc":{"start":{"line":43,"column":23},"end":{"line":43,"column":51}},"type":"binary-expr","locations":[{"start":{"line":43,"column":23},"end":{"line":43,"column":27}},{"start":{"line":43,"column":31},"end":{"line":43,"column":51}}],"line":43},"3":{"loc":{"start":{"line":80,"column":2},"end":{"line":90,"column":3}},"type":"if","locations":[{"start":{"line":80,"column":2},"end":{"line":90,"column":3}},{"start":{"line":80,"column":2},"end":{"line":90,"column":3}}],"line":80},"4":{"loc":{"start":{"line":106,"column":2},"end":{"line":107,"column":64}},"type":"if","locations":[{"start":{"line":106,"column":2},"end":{"line":107,"column":64}},{"start":{"line":106,"column":2},"end":{"line":107,"column":64}}],"line":106},"5":{"loc":{"start":{"line":120,"column":2},"end":{"line":121,"column":67}},"type":"if","locations":[{"start":{"line":120,"column":2},"end":{"line":121,"column":67}},{"start":{"line":120,"column":2},"end":{"line":121,"column":67}}],"line":120},"6":{"loc":{"start":{"line":134,"column":2},"end":{"line":135,"column":63}},"type":"if","locations":[{"start":{"line":134,"column":2},"end":{"line":135,"column":63}},{"start":{"line":134,"column":2},"end":{"line":135,"column":63}}],"line":134},"7":{"loc":{"start":{"line":145,"column":2},"end":{"line":146,"column":69}},"type":"if","locations":[{"start":{"line":145,"column":2},"end":{"line":146,"column":69}},{"start":{"line":145,"column":2},"end":{"line":146,"column":69}}],"line":145},"8":{"loc":{"start":{"line":156,"column":2},"end":{"line":161,"column":3}},"type":"if","locations":[{"start":{"line":156,"column":2},"end":{"line":161,"column":3}},{"start":{"line":156,"column":2},"end":{"line":161,"column":3}}],"line":156},"9":{"loc":{"start":{"line":183,"column":2},"end":{"line":187,"column":3}},"type":"if","locations":[{"start":{"line":183,"column":2},"end":{"line":187,"column":3}},{"start":{"line":183,"column":2},"end":{"line":187,"column":3}}],"line":183},"10":{"loc":{"start":{"line":201,"column":2},"end":{"line":201,"column":65}},"type":"if","locations":[{"start":{"line":201,"column":2},"end":{"line":201,"column":65}},{"start":{"line":201,"column":2},"end":{"line":201,"column":65}}],"line":201},"11":{"loc":{"start":{"line":213,"column":2},"end":{"line":216,"column":3}},"type":"if","locations":[{"start":{"line":213,"column":2},"end":{"line":216,"column":3}},{"start":{"line":213,"column":2},"end":{"line":216,"column":3}}],"line":213}},"s":{"0":6,"1":6,"2":6,"3":6,"4":6,"5":4,"6":4,"7":4,"8":4,"9":0,"10":0,"11":0,"12":0,"13":0,"14":1,"15":1,"16":1,"17":1,"18":1,"19":1,"20":0,"21":0,"22":0,"23":0,"24":0,"25":0,"26":0,"27":0,"28":0,"29":0,"30":0,"31":0,"32":0,"33":0,"34":6,"35":6,"36":0,"37":0,"38":0,"39":0,"40":0,"41":0,"42":0,"43":0,"44":0,"45":0,"46":0,"47":0,"48":0,"49":0,"50":0,"51":0,"52":0,"53":0,"54":0},"f":{"0":6,"1":4,"2":1,"3":0,"4":0,"5":0,"6":0,"7":0,"8":6,"9":0,"10":0,"11":0,"12":0},"b":{"0":[6,0],"1":[4,0],"2":[4,1],"3":[1,0],"4":[0,0],"5":[0,0],"6":[0,0],"7":[0,0],"8":[6,0],"9":[0,0],"10":[0,0],"11":[0,0]},"_coverageSchema":"332fd63041d2c1bcb487cc26dd0d5f7d97098a6c","hash":"8719674a81ab8a342ba8425faaf177b38487a488"}
,"C:\\Users\\Mbah Clinton\\Documents\\Github\\actioncable-vue\\src\\logger.js": {"path":"C:\\Users\\Mbah Clinton\\Documents\\Github\\actioncable-vue\\src\\logger.js","statementMap":{"0":{"start":{"line":17,"column":2},"end":{"line":17,"column":22}},"1":{"start":{"line":18,"column":2},"end":{"line":18,"column":27}},"2":{"start":{"line":27,"column":2},"end":{"line":32,"column":3}},"3":{"start":{"line":28,"column":3},"end":{"line":31,"column":4}},"4":{"start":{"line":28,"column":34},"end":{"line":28,"column":55}},"5":{"start":{"line":29,"column":8},"end":{"line":31,"column":4}},"6":{"start":{"line":30,"column":4},"end":{"line":30,"column":25}}},"fnMap":{"0":{"name":"(anonymous_0)","decl":{"start":{"line":16,"column":1},"end":{"line":16,"column":2}},"loc":{"start":{"line":16,"column":27},"end":{"line":19,"column":2}},"line":16},"1":{"name":"(anonymous_1)","decl":{"start":{"line":26,"column":1},"end":{"line":26,"column":2}},"loc":{"start":{"line":26,"column":31},"end":{"line":33,"column":2}},"line":26}},"branchMap":{"0":{"loc":{"start":{"line":26,"column":14},"end":{"line":26,"column":29}},"type":"default-arg","locations":[{"start":{"line":26,"column":22},"end":{"line":26,"column":29}}],"line":26},"1":{"loc":{"start":{"line":27,"column":2},"end":{"line":32,"column":3}},"type":"if","locations":[{"start":{"line":27,"column":2},"end":{"line":32,"column":3}},{"start":{"line":27,"column":2},"end":{"line":32,"column":3}}],"line":27},"2":{"loc":{"start":{"line":28,"column":3},"end":{"line":31,"column":4}},"type":"if","locations":[{"start":{"line":28,"column":3},"end":{"line":31,"column":4}},{"start":{"line":28,"column":3},"end":{"line":31,"column":4}}],"line":28},"3":{"loc":{"start":{"line":29,"column":8},"end":{"line":31,"column":4}},"type":"if","locations":[{"start":{"line":29,"column":8},"end":{"line":31,"column":4}},{"start":{"line":29,"column":8},"end":{"line":31,"column":4}}],"line":29}},"s":{"0":10,"1":10,"2":5,"3":5,"4":2,"5":3,"6":2},"f":{"0":10,"1":5},"b":{"0":[0],"1":[5,0],"2":[2,3],"3":[2,1]},"_coverageSchema":"332fd63041d2c1bcb487cc26dd0d5f7d97098a6c","hash":"95aaa847b13c01c7d4cd769b0d543b339a6206cf"}
,"C:\\Users\\Mbah Clinton\\Documents\\Github\\actioncable-vue\\src\\mixin.js": {"path":"C:\\Users\\Mbah Clinton\\Documents\\Github\\actioncable-vue\\src\\mixin.js","statementMap":{"0":{"start":{"line":6,"column":2},"end":{"line":10,"column":3}},"1":{"start":{"line":7,"column":3},"end":{"line":9,"column":6}},"2":{"start":{"line":8,"column":4},"end":{"line":8,"column":54}},"3":{"start":{"line":16,"column":2},"end":{"line":20,"column":3}},"4":{"start":{"line":17,"column":3},"end":{"line":19,"column":5}},"5":{"start":{"line":18,"column":4},"end":{"line":18,"column":35}}},"fnMap":{"0":{"name":"(anonymous_0)","decl":{"start":{"line":7,"column":50},"end":{"line":7,"column":51}},"loc":{"start":{"line":7,"column":59},"end":{"line":9,"column":4}},"line":7},"1":{"name":"(anonymous_1)","decl":{"start":{"line":17,"column":47},"end":{"line":17,"column":48}},"loc":{"start":{"line":18,"column":4},"end":{"line":18,"column":35}},"line":18}},"branchMap":{"0":{"loc":{"start":{"line":6,"column":2},"end":{"line":10,"column":3}},"type":"if","locations":[{"start":{"line":6,"column":2},"end":{"line":10,"column":3}},{"start":{"line":6,"column":2},"end":{"line":10,"column":3}}],"line":6},"1":{"loc":{"start":{"line":16,"column":2},"end":{"line":20,"column":3}},"type":"if","locations":[{"start":{"line":16,"column":2},"end":{"line":20,"column":3}},{"start":{"line":16,"column":2},"end":{"line":20,"column":3}}],"line":16}},"s":{"0":2,"1":1,"2":2,"3":2,"4":1,"5":2},"f":{"0":2,"1":2},"b":{"0":[1,1],"1":[1,1]},"_coverageSchema":"332fd63041d2c1bcb487cc26dd0d5f7d97098a6c","hash":"959f2e93de432e9ed87e4662b9325627b1099f0e"}
}
