TN:
SF:C:\Users\Mbah Clinton\Documents\Github\actioncable-vue\src\cable.js
FN:19,(anonymous_0)
FN:40,(anonymous_1)
FN:73,(anonymous_2)
FN:97,(anonymous_3)
FN:105,(anonymous_4)
FN:119,(anonymous_5)
FN:133,(anonymous_6)
FN:144,(anonymous_7)
FN:155,(anonymous_8)
FN:170,(anonymous_9)
FN:182,(anonymous_10)
FN:193,(anonymous_11)
FN:212,(anonymous_12)
FNF:13
FNH:4
FNDA:6,(anonymous_0)
FNDA:4,(anonymous_1)
FNDA:1,(anonymous_2)
FNDA:0,(anonymous_3)
FNDA:0,(anonymous_4)
FNDA:0,(anonymous_5)
FNDA:0,(anonymous_6)
FNDA:0,(anonymous_7)
FNDA:6,(anonymous_8)
FNDA:0,(anonymous_9)
FNDA:0,(anonymous_10)
FNDA:0,(anonymous_11)
FNDA:0,(anonymous_12)
DA:20,6
DA:21,6
DA:23,6
DA:29,6
DA:30,6
DA:41,4
DA:42,4
DA:43,4
DA:45,4
DA:49,0
DA:52,0
DA:55,0
DA:58,0
DA:62,0
DA:74,1
DA:75,1
DA:79,1
DA:80,1
DA:81,1
DA:82,1
DA:87,0
DA:98,0
DA:106,0
DA:107,0
DA:109,0
DA:120,0
DA:121,0
DA:123,0
DA:134,0
DA:135,0
DA:137,0
DA:145,0
DA:146,0
DA:148,0
DA:156,6
DA:158,0
DA:171,0
DA:172,0
DA:174,0
DA:175,0
DA:183,0
DA:184,0
DA:186,0
DA:194,0
DA:196,0
DA:197,0
DA:198,0
DA:200,0
DA:201,0
DA:203,0
DA:213,0
DA:214,0
DA:215,0
LF:53
LH:16
BRDA:23,0,0,6
BRDA:23,0,1,0
BRDA:41,1,0,4
BRDA:41,1,1,0
BRDA:43,2,0,4
BRDA:43,2,1,1
BRDA:80,3,0,1
BRDA:80,3,1,0
BRDA:106,4,0,0
BRDA:106,4,1,0
BRDA:120,5,0,0
BRDA:120,5,1,0
BRDA:134,6,0,0
BRDA:134,6,1,0
BRDA:145,7,0,0
BRDA:145,7,1,0
BRDA:156,8,0,6
BRDA:156,8,1,0
BRDA:183,9,0,0
BRDA:183,9,1,0
BRDA:201,10,0,0
BRDA:201,10,1,0
BRDA:213,11,0,0
BRDA:213,11,1,0
BRF:24
BRH:6
end_of_record
TN:
SF:C:\Users\Mbah Clinton\Documents\Github\actioncable-vue\src\logger.js
FN:16,(anonymous_0)
FN:26,(anonymous_1)
FNF:2
FNH:2
FNDA:10,(anonymous_0)
FNDA:5,(anonymous_1)
DA:17,10
DA:18,10
DA:27,5
DA:28,5
DA:29,3
DA:30,2
LF:6
LH:6
BRDA:26,0,0,0
BRDA:27,1,0,5
BRDA:27,1,1,0
BRDA:28,2,0,2
BRDA:28,2,1,3
BRDA:29,3,0,2
BRDA:29,3,1,1
BRF:7
BRH:5
end_of_record
TN:
SF:C:\Users\Mbah Clinton\Documents\Github\actioncable-vue\src\mixin.js
FN:7,(anonymous_0)
FN:17,(anonymous_1)
FNF:2
FNH:2
FNDA:2,(anonymous_0)
FNDA:2,(anonymous_1)
DA:6,2
DA:7,1
DA:8,2
DA:16,2
DA:17,1
DA:18,2
LF:6
LH:6
BRDA:6,0,0,1
BRDA:6,0,1,1
BRDA:16,1,0,1
BRDA:16,1,1,1
BRF:4
BRH:4
end_of_record
